<?xml version="1.0" encoding="UTF-8"?>
<testsuite name="com.houn.jenkinstest.ExampleUnitTest" tests="1" skipped="0" failures="0" errors="0" timestamp="2020-12-24T12:52:36" hostname="HoundeMacBook-Pro.local" time="0.001">
  <properties/>
  <testcase name="addition_isCorrect" classname="com.houn.jenkinstest.ExampleUnitTest" time="0.001"/>
  <system-out><![CDATA[]]></system-out>
  <system-err><![CDATA[]]></system-err>
</testsuite>
